[MASTER] 13:06:25.247 [pool-2-thread-1] ERROR ConcreteClassAnalyzer - Problem for system.controller.service.database.MySQLDatabaseService. Class not found: com_atlassian_clover.SpockFeatureNameSniffer
java.lang.NoClassDefFoundError: org/spockframework/runtime/extension/IMethodInterceptor
	at java.lang.ClassLoader.defineClass1(Native Method) ~[na:1.8.0_161]
	at java.lang.ClassLoader.defineClass(ClassLoader.java:763) ~[na:1.8.0_161]
	at java.security.SecureClassLoader.defineClass(SecureClassLoader.java:142) ~[na:1.8.0_161]
	at java.net.URLClassLoader.defineClass(URLClassLoader.java:467) ~[na:1.8.0_161]
	at java.net.URLClassLoader.access$100(URLClassLoader.java:73) ~[na:1.8.0_161]
	at java.net.URLClassLoader$1.run(URLClassLoader.java:368) ~[na:1.8.0_161]
	at java.net.URLClassLoader$1.run(URLClassLoader.java:362) ~[na:1.8.0_161]
	at java.security.AccessController.doPrivileged(Native Method) ~[na:1.8.0_161]
	at java.net.URLClassLoader.findClass(URLClassLoader.java:361) ~[na:1.8.0_161]
	at java.lang.ClassLoader.loadClass(ClassLoader.java:424) ~[na:1.8.0_161]
	at sun.misc.Launcher$AppClassLoader.loadClass(Launcher.java:338) ~[na:1.8.0_161]
	at java.lang.ClassLoader.loadClass(ClassLoader.java:357) ~[na:1.8.0_161]
	at org.evosuite.instrumentation.InstrumentingClassLoader.loadClass(InstrumentingClassLoader.java:159) ~[evosuite-1.0.6.jar:1.0.6]
	at java.lang.Class.forName0(Native Method) ~[na:1.8.0_161]
	at java.lang.Class.forName(Class.java:348) ~[na:1.8.0_161]
	at org.evosuite.setup.ConcreteClassAnalyzer.getConcreteClassesImpl(ConcreteClassAnalyzer.java:130) [evosuite-1.0.6.jar:1.0.6]
	at org.evosuite.setup.ConcreteClassAnalyzer.getConcreteClasses(ConcreteClassAnalyzer.java:61) [evosuite-1.0.6.jar:1.0.6]
	at org.evosuite.setup.TestClusterGenerator.addDependency(TestClusterGenerator.java:878) [evosuite-1.0.6.jar:1.0.6]
	at org.evosuite.setup.TestClusterGenerator.addDependencies(TestClusterGenerator.java:823) [evosuite-1.0.6.jar:1.0.6]
	at org.evosuite.setup.TestClusterGenerator.initializeTargetMethods(TestClusterGenerator.java:571) [evosuite-1.0.6.jar:1.0.6]
	at org.evosuite.setup.TestClusterGenerator.generateCluster(TestClusterGenerator.java:134) [evosuite-1.0.6.jar:1.0.6]
	at org.evosuite.setup.DependencyAnalysis.analyze(DependencyAnalysis.java:118) [evosuite-1.0.6.jar:1.0.6]
	at org.evosuite.setup.DependencyAnalysis.analyzeClass(DependencyAnalysis.java:132) [evosuite-1.0.6.jar:1.0.6]
	at org.evosuite.TestSuiteGenerator.initializeTargetClass(TestSuiteGenerator.java:110) [evosuite-1.0.6.jar:1.0.6]
	at org.evosuite.TestSuiteGenerator.generateTestSuite(TestSuiteGenerator.java:130) [evosuite-1.0.6.jar:1.0.6]
	at org.evosuite.rmi.service.ClientNodeImpl$1.run(ClientNodeImpl.java:145) [evosuite-1.0.6.jar:1.0.6]
	at java.util.concurrent.Executors$RunnableAdapter.call(Executors.java:511) [na:1.8.0_161]
	at java.util.concurrent.FutureTask.run(FutureTask.java:266) [na:1.8.0_161]
	at java.util.concurrent.ThreadPoolExecutor.runWorker(ThreadPoolExecutor.java:1149) [na:1.8.0_161]
	at java.util.concurrent.ThreadPoolExecutor$Worker.run(ThreadPoolExecutor.java:624) [na:1.8.0_161]
	at java.lang.Thread.run(Thread.java:748) [na:1.8.0_161]
Caused by: java.lang.ClassNotFoundException: org.spockframework.runtime.extension.IMethodInterceptor
	at java.net.URLClassLoader.findClass(URLClassLoader.java:381) ~[na:1.8.0_161]
	at java.lang.ClassLoader.loadClass(ClassLoader.java:424) ~[na:1.8.0_161]
	at sun.misc.Launcher$AppClassLoader.loadClass(Launcher.java:338) ~[na:1.8.0_161]
	at java.lang.ClassLoader.loadClass(ClassLoader.java:357) ~[na:1.8.0_161]
	... 31 common frames omitted
[MASTER] 13:06:25.249 [pool-2-thread-1] ERROR ConcreteClassAnalyzer - Removing class from inheritance tree
[MASTER] 13:06:28.889 [pool-2-thread-1] ERROR ClientNodeImpl - Error when generating tests for: system.controller.service.database.MySQLDatabaseService with seed 1543925157961. Configuration id : default
java.lang.TypeNotPresentException: Type reactor.netty.http.server.HttpServerRequest not present
	at sun.reflect.generics.factory.CoreReflectionFactory.makeNamedType(CoreReflectionFactory.java:117) ~[na:1.8.0_161]
	at sun.reflect.generics.visitor.Reifier.visitClassTypeSignature(Reifier.java:125) ~[na:1.8.0_161]
	at sun.reflect.generics.tree.ClassTypeSignature.accept(ClassTypeSignature.java:49) ~[na:1.8.0_161]
	at sun.reflect.generics.visitor.Reifier.reifyTypeArguments(Reifier.java:68) ~[na:1.8.0_161]
	at sun.reflect.generics.visitor.Reifier.visitClassTypeSignature(Reifier.java:138) ~[na:1.8.0_161]
	at sun.reflect.generics.tree.ClassTypeSignature.accept(ClassTypeSignature.java:49) ~[na:1.8.0_161]
	at sun.reflect.generics.repository.ClassRepository.getSuperInterfaces(ClassRepository.java:108) ~[na:1.8.0_161]
	at java.lang.Class.getGenericInterfaces(Class.java:913) ~[na:1.8.0_161]
	at com.googlecode.gentyref.GenericTypeReflector.getExactDirectSuperTypes(GenericTypeReflector.java:283) ~[evosuite-1.0.6.jar:1.0.6]
	at com.googlecode.gentyref.GenericTypeReflector.getExactSuperType(GenericTypeReflector.java:138) ~[evosuite-1.0.6.jar:1.0.6]
	at org.evosuite.utils.generic.GenericMethod.getExactReturnType(GenericMethod.java:179) ~[evosuite-1.0.6.jar:1.0.6]
	at org.evosuite.utils.generic.GenericMethod.getReturnType(GenericMethod.java:146) ~[evosuite-1.0.6.jar:1.0.6]
	at org.evosuite.utils.generic.GenericMethod.getGeneratedType(GenericMethod.java:142) ~[evosuite-1.0.6.jar:1.0.6]
	at org.evosuite.setup.TestCluster.cacheGenerators(TestCluster.java:472) ~[evosuite-1.0.6.jar:1.0.6]
	at org.evosuite.setup.TestCluster.hasGenerator(TestCluster.java:1367) ~[evosuite-1.0.6.jar:1.0.6]
	at org.evosuite.setup.TestCluster.hasGenerator(TestCluster.java:1384) ~[evosuite-1.0.6.jar:1.0.6]
	at org.evosuite.testcase.TestFactory.createVariable(TestFactory.java:1421) ~[evosuite-1.0.6.jar:1.0.6]
	at org.evosuite.testcase.TestFactory.createOrReuseVariable(TestFactory.java:1376) ~[evosuite-1.0.6.jar:1.0.6]
	at org.evosuite.testcase.TestFactory.satisfyParameters(TestFactory.java:2365) ~[evosuite-1.0.6.jar:1.0.6]
	at org.evosuite.testcase.TestFactory.addMethodFor(TestFactory.java:601) ~[evosuite-1.0.6.jar:1.0.6]
	at org.evosuite.testcase.TestFactory.addCallFor(TestFactory.java:130) ~[evosuite-1.0.6.jar:1.0.6]
	at org.evosuite.testcase.TestFactory.insertRandomCallOnObjectAt(TestFactory.java:2296) ~[evosuite-1.0.6.jar:1.0.6]
	at org.evosuite.testcase.mutation.RandomInsertion.insertStatement(RandomInsertion.java:127) ~[evosuite-1.0.6.jar:1.0.6]
	at org.evosuite.testcase.TestFactory.insertRandomStatement(TestFactory.java:2308) ~[evosuite-1.0.6.jar:1.0.6]
	at org.evosuite.testcase.factories.RandomLengthTestFactory.getRandomTestCase(RandomLengthTestFactory.java:69) ~[evosuite-1.0.6.jar:1.0.6]
	at org.evosuite.testcase.factories.RandomLengthTestFactory.getChromosome(RandomLengthTestFactory.java:89) ~[evosuite-1.0.6.jar:1.0.6]
	at org.evosuite.testcase.factories.RandomLengthTestFactory.getChromosome(RandomLengthTestFactory.java:40) ~[evosuite-1.0.6.jar:1.0.6]
	at org.evosuite.ga.archive.ArchiveTestChromosomeFactory.getChromosome(ArchiveTestChromosomeFactory.java:88) ~[evosuite-1.0.6.jar:1.0.6]
	at org.evosuite.ga.archive.ArchiveTestChromosomeFactory.getChromosome(ArchiveTestChromosomeFactory.java:35) ~[evosuite-1.0.6.jar:1.0.6]
	at org.evosuite.testsuite.factories.TestSuiteChromosomeFactory.getChromosome(TestSuiteChromosomeFactory.java:84) ~[evosuite-1.0.6.jar:1.0.6]
	at org.evosuite.testsuite.factories.TestSuiteChromosomeFactory.getChromosome(TestSuiteChromosomeFactory.java:35) ~[evosuite-1.0.6.jar:1.0.6]
	at org.evosuite.ga.metaheuristics.GeneticAlgorithm.generateRandomPopulation(GeneticAlgorithm.java:413) ~[evosuite-1.0.6.jar:1.0.6]
	at org.evosuite.ga.metaheuristics.GeneticAlgorithm.generateInitialPopulation(GeneticAlgorithm.java:356) ~[evosuite-1.0.6.jar:1.0.6]
	at org.evosuite.ga.metaheuristics.MonotonicGA.initializePopulation(MonotonicGA.java:204) ~[evosuite-1.0.6.jar:1.0.6]
	at org.evosuite.ga.metaheuristics.MonotonicGA.generateSolution(MonotonicGA.java:223) ~[evosuite-1.0.6.jar:1.0.6]
	at org.evosuite.strategy.WholeTestSuiteStrategy.generateTests(WholeTestSuiteStrategy.java:113) ~[evosuite-1.0.6.jar:1.0.6]
	at org.evosuite.TestSuiteGenerator.generateTests(TestSuiteGenerator.java:653) ~[evosuite-1.0.6.jar:1.0.6]
	at org.evosuite.TestSuiteGenerator.generateTestSuite(TestSuiteGenerator.java:236) ~[evosuite-1.0.6.jar:1.0.6]
	at org.evosuite.rmi.service.ClientNodeImpl$1.run(ClientNodeImpl.java:145) ~[evosuite-1.0.6.jar:1.0.6]
	at java.util.concurrent.Executors$RunnableAdapter.call(Executors.java:511) [na:1.8.0_161]
	at java.util.concurrent.FutureTask.run(FutureTask.java:266) [na:1.8.0_161]
	at java.util.concurrent.ThreadPoolExecutor.runWorker(ThreadPoolExecutor.java:1149) [na:1.8.0_161]
	at java.util.concurrent.ThreadPoolExecutor$Worker.run(ThreadPoolExecutor.java:624) [na:1.8.0_161]
	at java.lang.Thread.run(Thread.java:748) [na:1.8.0_161]
Caused by: java.lang.ClassNotFoundException: Class 'reactor/netty/http/server/HttpServerRequest.class' should be in target project, but could not be found!
	at org.evosuite.instrumentation.InstrumentingClassLoader.instrumentClass(InstrumentingClassLoader.java:201) ~[evosuite-1.0.6.jar:1.0.6]
	at org.evosuite.instrumentation.InstrumentingClassLoader.loadClass(InstrumentingClassLoader.java:168) ~[evosuite-1.0.6.jar:1.0.6]
	at java.lang.Class.forName0(Native Method) ~[na:1.8.0_161]
	at java.lang.Class.forName(Class.java:348) ~[na:1.8.0_161]
	at sun.reflect.generics.factory.CoreReflectionFactory.makeNamedType(CoreReflectionFactory.java:114) ~[na:1.8.0_161]
	... 43 common frames omitted
Caused by: java.lang.ClassNotFoundException: Class 'reactor/netty/http/server/HttpServerRequest.class' should be in target project, but could not be found!
	at org.evosuite.instrumentation.InstrumentingClassLoader.instrumentClass(InstrumentingClassLoader.java:188) ~[evosuite-1.0.6.jar:1.0.6]
	... 47 common frames omitted
